<?xml version="1.0" encoding="UTF-8"?>
<testng-results skipped="0" failed="0" ignored="0" total="1" passed="1">
  <reporter-output>
    <line>
      <![CDATA[entering first name: Jolly]]>
    </line>
    <line>
      <![CDATA[entering last name: James]]>
    </line>
    <line>
      <![CDATA[clicking on next button: [[ChromeDriver: chrome on WINDOWS (a4e3be217290cdcf64d0d49064d2f3bf)] -> css selector: #form-pagebreak-next_5]]]>
    </line>
    <line>
      <![CDATA[uploading the file: D:\Downloads\image.png]]>
    </line>
    <line>
      <![CDATA[clicking on next button: [[ChromeDriver: chrome on WINDOWS (a4e3be217290cdcf64d0d49064d2f3bf)] -> css selector: #form-pagebreak-next_4]]]>
    </line>
    <line>
      <![CDATA[Signature in the box: [[ChromeDriver: chrome on WINDOWS (a4e3be217290cdcf64d0d49064d2f3bf)] -> xpath: //*[@id="sig_pad_7"]/canvas]]]>
    </line>
    <line>
      <![CDATA[clicking on next button: [[ChromeDriver: chrome on WINDOWS (a4e3be217290cdcf64d0d49064d2f3bf)] -> css selector: #form-pagebreak-next_8]]]>
    </line>
    <line>
      <![CDATA[entering the date: 12-12-2020]]>
    </line>
    <line>
      <![CDATA[clicking on next button: [[ChromeDriver: chrome on WINDOWS (a4e3be217290cdcf64d0d49064d2f3bf)] -> id: form-pagebreak-next_10]]]>
    </line>
    <line>
      <![CDATA[selecting the question: Favourite colour]]>
    </line>
    <line>
      <![CDATA[entering the answer: Blue]]>
    </line>
    <line>
      <![CDATA[clicking on next button: [[ChromeDriver: chrome on WINDOWS (a4e3be217290cdcf64d0d49064d2f3bf)] -> id: form-pagebreak-next_13]]]>
    </line>
    <line>
      <![CDATA[clicking on next button: [[ChromeDriver: chrome on WINDOWS (a4e3be217290cdcf64d0d49064d2f3bf)] -> css selector: #form-pagebreak-next_14]]]>
    </line>
    <line>
      <![CDATA[clicking on submit button: [[ChromeDriver: chrome on WINDOWS (a4e3be217290cdcf64d0d49064d2f3bf)] -> css selector: #input_2]]]>
    </line>
    <line>
      <![CDATA[verifying the message: Thank You!]]>
    </line>
  </reporter-output>
  <suite name="testsuite" duration-ms="16093" started-at="2021-12-27T16:10:24Z" finished-at="2021-12-27T16:10:40Z">
    <groups>
    </groups>
    <test name="Regression Test" duration-ms="16093" started-at="2021-12-27T16:10:24Z" finished-at="2021-12-27T16:10:40Z">
      <class name="com.jotform.form.testsuite.FormTest">
        <test-method status="PASS" signature="setUp()[pri:0, instance:com.jotform.form.testsuite.FormTest@458ad742]" name="setUp" is-config="true" duration-ms="5687" started-at="2021-12-27T16:10:25Z" finished-at="2021-12-27T16:10:30Z">
          <reporter-output>
          </reporter-output>
        </test-method> <!-- setUp -->
        <test-method status="PASS" signature="init()[pri:0, instance:com.jotform.form.testsuite.FormTest@458ad742]" name="init" is-config="true" duration-ms="58" started-at="2021-12-27T16:10:30Z" finished-at="2021-12-27T16:10:30Z">
          <reporter-output>
          </reporter-output>
        </test-method> <!-- init -->
        <test-method status="PASS" signature="technicalTest(java.lang.String, java.lang.String, java.lang.String, java.lang.String, java.lang.String, java.lang.String, java.lang.String)[pri:0, instance:com.jotform.form.testsuite.FormTest@458ad742]" name="technicalTest" duration-ms="9739" started-at="2021-12-27T16:10:30Z" finished-at="2021-12-27T16:10:40Z">
          <params>
            <param index="0">
              <value>
                <![CDATA[Jolly]]>
              </value>
            </param>
            <param index="1">
              <value>
                <![CDATA[James]]>
              </value>
            </param>
            <param index="2">
              <value>
                <![CDATA[D:\Downloads\image.png]]>
              </value>
            </param>
            <param index="3">
              <value>
                <![CDATA[12-12-2020]]>
              </value>
            </param>
            <param index="4">
              <value>
                <![CDATA[Favourite colour]]>
              </value>
            </param>
            <param index="5">
              <value>
                <![CDATA[Blue]]>
              </value>
            </param>
            <param index="6">
              <value>
                <![CDATA[Thank You!]]>
              </value>
            </param>
          </params>
          <reporter-output>
            <line>
              <![CDATA[entering first name: Jolly]]>
            </line>
            <line>
              <![CDATA[entering last name: James]]>
            </line>
            <line>
              <![CDATA[clicking on next button: [[ChromeDriver: chrome on WINDOWS (a4e3be217290cdcf64d0d49064d2f3bf)] -> css selector: #form-pagebreak-next_5]]]>
            </line>
            <line>
              <![CDATA[uploading the file: D:\Downloads\image.png]]>
            </line>
            <line>
              <![CDATA[clicking on next button: [[ChromeDriver: chrome on WINDOWS (a4e3be217290cdcf64d0d49064d2f3bf)] -> css selector: #form-pagebreak-next_4]]]>
            </line>
            <line>
              <![CDATA[Signature in the box: [[ChromeDriver: chrome on WINDOWS (a4e3be217290cdcf64d0d49064d2f3bf)] -> xpath: //*[@id="sig_pad_7"]/canvas]]]>
            </line>
            <line>
              <![CDATA[clicking on next button: [[ChromeDriver: chrome on WINDOWS (a4e3be217290cdcf64d0d49064d2f3bf)] -> css selector: #form-pagebreak-next_8]]]>
            </line>
            <line>
              <![CDATA[entering the date: 12-12-2020]]>
            </line>
            <line>
              <![CDATA[clicking on next button: [[ChromeDriver: chrome on WINDOWS (a4e3be217290cdcf64d0d49064d2f3bf)] -> id: form-pagebreak-next_10]]]>
            </line>
            <line>
              <![CDATA[selecting the question: Favourite colour]]>
            </line>
            <line>
              <![CDATA[entering the answer: Blue]]>
            </line>
            <line>
              <![CDATA[clicking on next button: [[ChromeDriver: chrome on WINDOWS (a4e3be217290cdcf64d0d49064d2f3bf)] -> id: form-pagebreak-next_13]]]>
            </line>
            <line>
              <![CDATA[clicking on next button: [[ChromeDriver: chrome on WINDOWS (a4e3be217290cdcf64d0d49064d2f3bf)] -> css selector: #form-pagebreak-next_14]]]>
            </line>
            <line>
              <![CDATA[clicking on submit button: [[ChromeDriver: chrome on WINDOWS (a4e3be217290cdcf64d0d49064d2f3bf)] -> css selector: #input_2]]]>
            </line>
            <line>
              <![CDATA[verifying the message: Thank You!]]>
            </line>
          </reporter-output>
        </test-method> <!-- technicalTest -->
        <test-method status="PASS" signature="tearDown()[pri:0, instance:com.jotform.form.testsuite.FormTest@458ad742]" name="tearDown" is-config="true" duration-ms="0" started-at="2021-12-27T16:10:40Z" finished-at="2021-12-27T16:10:40Z">
          <reporter-output>
          </reporter-output>
        </test-method> <!-- tearDown -->
      </class> <!-- com.jotform.form.testsuite.FormTest -->
    </test> <!-- Regression Test -->
  </suite> <!-- testsuite -->
</testng-results>
